[2025-12-22 13:14:19] SQLSTATE[HY093]: Invalid parameter number: parameter was not defined
[2025-12-22 13:23:01] SQLSTATE[42S22]: Column not found: 1054 Unknown column 'puesto_del_empleado_id' in 'field list'
FILE: C:\MAMP\htdocs\sgrh\public\importar_nomina_procesar.php:130
TRACE:
#0 C:\MAMP\htdocs\sgrh\public\importar_nomina_procesar.php(130): PDO->prepare('\n        INSERT...')
#1 {main}

[2025-12-22 13:25:59] SQLSTATE[21S01]: Insert value list does not match column list: 1136 Column count doesn't match value count at row 1
FILE: C:\MAMP\htdocs\sgrh\public\importar_nomina_procesar.php:130
TRACE:
#0 C:\MAMP\htdocs\sgrh\public\importar_nomina_procesar.php(130): PDO->prepare('\n        INSERT...')
#1 {main}

[2025-12-22 13:26:41] SQLSTATE[42S22]: Column not found: 1054 Unknown column 'identificador_centro_trabajo_empleado' in 'field list'
FILE: C:\MAMP\htdocs\sgrh\public\importar_nomina_procesar.php:130
TRACE:
#0 C:\MAMP\htdocs\sgrh\public\importar_nomina_procesar.php(130): PDO->prepare('\n        INSERT...')
#1 {main}

[2025-12-22 13:27:20] SQLSTATE[42S22]: Column not found: 1054 Unknown column 'centro_trabajo_empleado' in 'field list'
FILE: C:\MAMP\htdocs\sgrh\public\importar_nomina_procesar.php:130
TRACE:
#0 C:\MAMP\htdocs\sgrh\public\importar_nomina_procesar.php(130): PDO->prepare('\n        INSERT...')
#1 {main}

[2025-12-22 13:27:40] SQLSTATE[42S22]: Column not found: 1054 Unknown column 'jefe_inmediato_empleado' in 'field list'
FILE: C:\MAMP\htdocs\sgrh\public\importar_nomina_procesar.php:130
TRACE:
#0 C:\MAMP\htdocs\sgrh\public\importar_nomina_procesar.php(130): PDO->prepare('\n        INSERT...')
#1 {main}

[2025-12-22 13:28:06] SQLSTATE[42S22]: Column not found: 1054 Unknown column 'salario_diario_empleado' in 'field list'
FILE: C:\MAMP\htdocs\sgrh\public\importar_nomina_procesar.php:130
TRACE:
#0 C:\MAMP\htdocs\sgrh\public\importar_nomina_procesar.php(130): PDO->prepare('\n        INSERT...')
#1 {main}

[2025-12-22 13:28:33] SQLSTATE[HY093]: Invalid parameter number: parameter was not defined
FILE: C:\MAMP\htdocs\sgrh\public\importar_nomina_procesar.php:364
TRACE:
#0 C:\MAMP\htdocs\sgrh\public\importar_nomina_procesar.php(364): PDOStatement->execute(Array)
#1 {main}

[2025-12-22 13:32:53] SQLSTATE[HY093]: Invalid parameter number: parameter was not defined
FILE: C:\MAMP\htdocs\sgrh\public\importar_nomina_procesar.php:364
TRACE:
#0 C:\MAMP\htdocs\sgrh\public\importar_nomina_procesar.php(364): PDOStatement->execute(Array)
#1 {main}

[2025-12-22 13:33:05] SQLSTATE[HY093]: Invalid parameter number: parameter was not defined
FILE: C:\MAMP\htdocs\sgrh\public\importar_nomina_procesar.php:364
TRACE:
#0 C:\MAMP\htdocs\sgrh\public\importar_nomina_procesar.php(364): PDOStatement->execute(Array)
#1 {main}

[2025-12-22 13:33:16] SQLSTATE[HY093]: Invalid parameter number: parameter was not defined
FILE: C:\MAMP\htdocs\sgrh\public\importar_nomina_procesar.php:364
TRACE:
#0 C:\MAMP\htdocs\sgrh\public\importar_nomina_procesar.php(364): PDOStatement->execute(Array)
#1 {main}

[2025-12-22 13:33:27] SQLSTATE[HY093]: Invalid parameter number: parameter was not defined
FILE: C:\MAMP\htdocs\sgrh\public\importar_nomina_procesar.php:364
TRACE:
#0 C:\MAMP\htdocs\sgrh\public\importar_nomina_procesar.php(364): PDOStatement->execute(Array)
#1 {main}

[2025-12-22 13:33:39] SQLSTATE[HY093]: Invalid parameter number: parameter was not defined
FILE: C:\MAMP\htdocs\sgrh\public\importar_nomina_procesar.php:364
TRACE:
#0 C:\MAMP\htdocs\sgrh\public\importar_nomina_procesar.php(364): PDOStatement->execute(Array)
#1 {main}

